<?xml version="1.0" encoding="utf-8"?>
<TestRun id="dfe1e82e-6959-44e6-8513-2f2fd0ce948c" name="r_san@DESKTOP-1RSBIR4 2025-01-01 22:58:37" runUser="DESKTOP-1RSBIR4\r_san" xmlns="http://microsoft.com/schemas/VisualStudio/TeamTest/2010">
  <Times creation="2025-01-01T22:58:37.5332319-03:00" queuing="2025-01-01T22:58:37.5332320-03:00" start="2025-01-01T22:58:34.2151190-03:00" finish="2025-01-01T22:58:37.5341199-03:00" />
  <TestSettings name="default" id="7d3be505-c9b0-42d2-85a1-4d88b61e67c9">
    <Deployment runDeploymentRoot="r_san_DESKTOP-1RSBIR4_2025-01-01_22_58_37" />
  </TestSettings>
  <TestLists>
    <TestList name="Resultados que não estão em uma lista" id="8c84fa94-04c1-424b-9868-57a2d4851a1d" />
    <TestList name="Todos os resultados carregados" id="19431567-8539-422a-85d7-44ee4e166bda" />
  </TestLists>
  <ResultSummary outcome="Completed">
    <Counters total="0" executed="0" passed="0" failed="0" error="0" timeout="0" aborted="0" inconclusive="0" passedButRunAborted="0" notRunnable="0" notExecuted="0" disconnected="0" warning="0" completed="0" inProgress="0" pending="0" />
    <Output>
      <StdOut>[xUnit.net 00:00:00.00] xUnit.net VSTest Adapter v2.4.3+1b45f5407b (64-bit .NET 6.0.28)&#xD;
[xUnit.net 00:00:01.95]   Discovering: Identity.E2E.Tests&#xD;
[xUnit.net 00:00:01.96]   Discovered:  Identity.E2E.Tests&#xD;
</StdOut>
    </Output>
    <RunInfos>
      <RunInfo computerName="DESKTOP-1RSBIR4" outcome="Warning" timestamp="2025-01-01T22:58:37.4523428-03:00">
        <Text>Não há nenhum teste disponível em C:\Users\r_san\Documents\projetos\Identity\tests\Identity.E2E.Tests\Identity.E2E.Tests\bin\Debug\net6.0\Identity.E2E.Tests.dll. Verifique se o detector e os executores de teste estão registrados e se as configurações de versão da estrutura da plataforma &amp; são apropriadas e tente novamente.</Text>
      </RunInfo>
    </RunInfos>
  </ResultSummary>
</TestRun>